[debug] [2022-04-22T10:30:26.403Z] ----------------------------------------------------------------------
[debug] [2022-04-22T10:30:26.410Z] Command:       D:\node.exe C:\Users\tranl\AppData\Roaming\npm\node_modules\firebase-tools\lib\bin\firebase.js deploy
[debug] [2022-04-22T10:30:26.412Z] CLI Version:   10.7.0
[debug] [2022-04-22T10:30:26.412Z] Platform:      win32
[debug] [2022-04-22T10:30:26.413Z] Node Version:  v16.14.2
[debug] [2022-04-22T10:30:26.422Z] Time:          Fri Apr 22 2022 17:30:26 GMT+0700 (Indochina Time)
[debug] [2022-04-22T10:30:26.423Z] ----------------------------------------------------------------------
[debug] 
[debug] [2022-04-22T10:30:26.449Z] >>> [apiv2][query] GET https://firebase-public.firebaseio.com/cli.json [none]
[debug] [2022-04-22T10:30:26.726Z] > command requires scopes: ["email","openid","https://www.googleapis.com/auth/cloudplatformprojects.readonly","https://www.googleapis.com/auth/firebase","https://www.googleapis.com/auth/cloud-platform"]
[debug] [2022-04-22T10:30:26.727Z] > authorizing via signed-in user (tranlequocthong313@gmail.com)
[debug] [2022-04-22T10:30:26.727Z] [iam] checking project f8clone-3e404 for permissions ["firebase.projects.get","firebasehosting.sites.update"]
[debug] [2022-04-22T10:30:26.729Z] > refreshing access token with scopes: []
[debug] [2022-04-22T10:30:26.730Z] >>> HTTP REQUEST POST https://www.googleapis.com/oauth2/v3/token  
 <request body omitted>
[debug] [2022-04-22T10:30:26.976Z] <<< HTTP RESPONSE 200 {"date":"Fri, 22 Apr 2022 10:30:26 GMT","cache-control":"no-cache, no-store, max-age=0, must-revalidate","pragma":"no-cache","expires":"Mon, 01 Jan 1990 00:00:00 GMT","content-type":"application/json; charset=utf-8","vary":"X-Origin, Referer, Origin,Accept-Encoding","server":"scaffolding on HTTPServer2","x-xss-protection":"0","x-frame-options":"SAMEORIGIN","x-content-type-options":"nosniff","alt-svc":"h3=\":443\"; ma=2592000,h3-29=\":443\"; ma=2592000,h3-Q050=\":443\"; ma=2592000,h3-Q046=\":443\"; ma=2592000,h3-Q043=\":443\"; ma=2592000,quic=\":443\"; ma=2592000; v=\"46,43\"","accept-ranges":"none","transfer-encoding":"chunked"}
[debug] [2022-04-22T10:30:27.026Z] >>> [apiv2][query] POST https://cloudresourcemanager.googleapis.com/v1/projects/f8clone-3e404:testIamPermissions [none]
[debug] [2022-04-22T10:30:27.027Z] >>> [apiv2][body] POST https://cloudresourcemanager.googleapis.com/v1/projects/f8clone-3e404:testIamPermissions {"permissions":["firebase.projects.get","firebasehosting.sites.update"]}
[debug] [2022-04-22T10:30:27.801Z] <<< [apiv2][status] GET https://firebase-public.firebaseio.com/cli.json 200
[debug] [2022-04-22T10:30:27.802Z] <<< [apiv2][body] GET https://firebase-public.firebaseio.com/cli.json {"cloudBuildErrorAfter":1594252800000,"cloudBuildWarnAfter":1590019200000,"defaultNode10After":1594252800000,"minVersion":"3.0.5","node8DeploysDisabledAfter":1613390400000,"node8RuntimeDisabledAfter":1615809600000,"node8WarnAfter":1600128000000}
[debug] [2022-04-22T10:30:28.598Z] <<< [apiv2][status] POST https://cloudresourcemanager.googleapis.com/v1/projects/f8clone-3e404:testIamPermissions 200
[debug] [2022-04-22T10:30:28.599Z] <<< [apiv2][body] POST https://cloudresourcemanager.googleapis.com/v1/projects/f8clone-3e404:testIamPermissions {"permissions":["firebase.projects.get","firebasehosting.sites.update"]}
[debug] [2022-04-22T10:30:28.603Z] >>> [apiv2][query] GET https://firebase.googleapis.com/v1beta1/projects/f8clone-3e404 [none]
[debug] [2022-04-22T10:30:29.061Z] <<< [apiv2][status] GET https://firebase.googleapis.com/v1beta1/projects/f8clone-3e404 200
[debug] [2022-04-22T10:30:29.062Z] <<< [apiv2][body] GET https://firebase.googleapis.com/v1beta1/projects/f8clone-3e404 {"projectId":"f8clone-3e404","projectNumber":"774351622161","displayName":"f8clone","name":"projects/f8clone-3e404","resources":{"hostingSite":"f8clone-3e404","storageBucket":"f8clone-3e404.appspot.com","locationId":"asia-southeast1"},"state":"ACTIVE"}
[info] 
[info] === Deploying to 'f8clone-3e404'...
[info] 
[info] i  deploying hosting 
[debug] [2022-04-22T10:30:29.070Z] >>> [apiv2][query] GET https://firebase.googleapis.com/v1beta1/projects/f8clone-3e404 [none]
[debug] [2022-04-22T10:30:29.501Z] <<< [apiv2][status] GET https://firebase.googleapis.com/v1beta1/projects/f8clone-3e404 200
[debug] [2022-04-22T10:30:29.501Z] <<< [apiv2][body] GET https://firebase.googleapis.com/v1beta1/projects/f8clone-3e404 {"projectId":"f8clone-3e404","projectNumber":"774351622161","displayName":"f8clone","name":"projects/f8clone-3e404","resources":{"hostingSite":"f8clone-3e404","storageBucket":"f8clone-3e404.appspot.com","locationId":"asia-southeast1"},"state":"ACTIVE"}
[debug] [2022-04-22T10:30:29.507Z] >>> [apiv2][query] POST https://firebasehosting.googleapis.com/v1beta1/projects/774351622161/sites/f8clone-3e404/versions [none]
[debug] [2022-04-22T10:30:29.507Z] >>> [apiv2][body] POST https://firebasehosting.googleapis.com/v1beta1/projects/774351622161/sites/f8clone-3e404/versions {"config":{"rewrites":[{"glob":"**","path":"/index.html"}]},"labels":{"deployment-tool":"cli-firebase"}}
